Filebench Version 1.5-alpha3
0.000: Allocated 177MB of shared memory
0.001: FileMicro-Createfiles Version 2.2 personality successfully loaded
0.001: Populating and pre-allocating filesets
0.101: bigfileset populated: 200000 files, avg. dir. width = 100000, avg. dir. depth = 1.1, 0 leafdirs, 195.312MB total size
0.102: Removing bigfileset tree (if exists)
0.106: Pre-allocating directories in bigfileset tree
0.116: Pre-allocating files in bigfileset tree
2668.869: Waiting for pre-allocation to finish (in case of a parallel pre-allocation)
2668.869: Population and pre-allocation of filesets completed
2668.870: Starting 1 filecreate instances
2669.874: Running...
2679.876: Run took 10 seconds...
2679.876: Per-Operation Breakdown
finish               366ops       37ops/s   0.0mb/s    0.000ms/op [0.000ms - 0.001ms]
closefile1           366ops       37ops/s   0.0mb/s   23.775ms/op [13.014ms - 144.775ms]
writefile1           367ops       37ops/s   0.0mb/s    0.622ms/op [0.489ms - 0.673ms]
createfile1          367ops       37ops/s   0.0mb/s    2.857ms/op [2.620ms - 3.643ms]
2679.876: IO Summary:  1100 ops 109.986 ops/s 0/37 rd/wr   0.0mb/s 9.071ms/op
2679.876: Shutting down processes