Filebench Version 1.5-alpha3
0.000: Allocated 177MB of shared memory
0.001: Mongo-like Version 2.3 personality successfully loaded
0.001: Populating and pre-allocating filesets
0.008: postsetdel populated: 10000 files, avg. dir. width = 200, avg. dir. depth = 1.7, 0 leafdirs, 156.250MB total size
0.008: Removing postsetdel tree (if exists)
0.012: Pre-allocating directories in postsetdel tree
0.015: Pre-allocating files in postsetdel tree
Filebench Version 1.5-alpha3
0.000: Allocated 177MB of shared memory
0.001: Mongo-like Version 2.3 personality successfully loaded
0.001: Populating and pre-allocating filesets
0.008: postsetdel populated: 10000 files, avg. dir. width = 200, avg. dir. depth = 1.7, 0 leafdirs, 156.250MB total size
0.009: Removing postsetdel tree (if exists)
0.013: Pre-allocating directories in postsetdel tree
0.110: Pre-allocating files in postsetdel tree
284.871: postset populated: 10000 files, avg. dir. width = 200, avg. dir. depth = 1.7, 0 leafdirs, 156.250MB total size
284.872: Removing postset tree (if exists)
284.877: Pre-allocating directories in postset tree
284.987: Pre-allocating files in postset tree
575.697: Waiting for pre-allocation to finish (in case of a parallel pre-allocation)
575.697: Population and pre-allocation of filesets completed
575.698: Starting 1 filereader instances
576.702: Running...
586.703: Run took 10 seconds...
586.703: Per-Operation Breakdown
deletefile1          308ops       31ops/s   0.0mb/s    1.250ms/op [1.088ms - 3.228ms]
closefile2           308ops       31ops/s   0.0mb/s    0.224ms/op [0.214ms - 0.334ms]
readfile1            308ops       31ops/s   0.5mb/s    1.190ms/op [0.232ms - 277.241ms]
openfile2            308ops       31ops/s   0.0mb/s    1.378ms/op [1.192ms - 2.398ms]
closefile1           308ops       31ops/s   0.0mb/s   26.448ms/op [12.821ms - 208.188ms]
appendfilerand1      309ops       31ops/s   0.2mb/s    0.738ms/op [0.410ms - 1.172ms]
openfile1            309ops       31ops/s   0.0mb/s    1.019ms/op [0.880ms - 2.479ms]
586.704: IO Summary:  2158 ops 215.773 ops/s 31/31 rd/wr   0.7mb/s 4.603ms/op
586.704: Shutting down processes
