Filebench Version 1.5-alpha3
0.000: Allocated 177MB of shared memory
0.001: File-server Version 3.0 personality successfully loaded
0.002: Populating and pre-allocating filesets
0.016: bigfileset populated: 20000 files, avg. dir. width = 20, avg. dir. depth = 3.3, 0 leafdirs, 2487.318MB total size
0.017: Removing bigfileset tree (if exists)
0.021: Pre-allocating directories in bigfileset tree
2.216: Pre-allocating files in bigfileset tree
722.643: Waiting for pre-allocation to finish (in case of a parallel pre-allocation)
722.643: Population and pre-allocation of filesets completed
722.644: Starting 1 filereader instances
723.652: Running...
733.655: Run took 10 seconds...
733.661: Per-Operation Breakdown
statfile1            446ops       45ops/s   0.0mb/s   11.315ms/op [0.006ms - 130.571ms]
deletefile1          444ops       44ops/s   0.0mb/s   91.864ms/op [0.926ms - 564.614ms]
closefile3           447ops       45ops/s   0.0mb/s    8.652ms/op [0.180ms - 132.365ms]
readfile1            447ops       45ops/s   5.4mb/s   10.412ms/op [0.193ms - 138.989ms]
openfile2            447ops       45ops/s   0.0mb/s   11.036ms/op [0.792ms - 98.681ms]
closefile2           447ops       45ops/s   0.0mb/s  143.012ms/op [2.286ms - 315.105ms]
appendfilerand1      459ops       46ops/s   0.4mb/s   27.710ms/op [0.452ms - 327.172ms]
openfile1            459ops       46ops/s   0.0mb/s   11.201ms/op [0.846ms - 102.605ms]
closefile1           459ops       46ops/s   0.0mb/s  147.445ms/op [2.527ms - 409.258ms]
wrtfile1             477ops       48ops/s   5.4mb/s  185.016ms/op [0.527ms - 910.658ms]
createfile1          489ops       49ops/s   0.0mb/s   85.507ms/op [1.627ms - 488.747ms]
733.661: IO Summary:  5021 ops 502.047 ops/s 45/94 rd/wr  11.2mb/s 67.480ms/op
733.661: Shutting down processes
